<?xml version="1.0" encoding="UTF-8"?>
<testng-results skipped="0" failed="0" total="1" passed="1">
  <reporter-output>
  </reporter-output>
  <suite name="CarnetAdresseV3" duration-ms="2532" started-at="2017-03-30T13:17:41Z" finished-at="2017-03-30T13:17:44Z">
    <groups>
    </groups>
    <test name="carnetAdresseV3.MainTest" duration-ms="2532" started-at="2017-03-30T13:17:41Z" finished-at="2017-03-30T13:17:44Z">
      <class name="carnetAdresseV3.MainTest">
        <test-method status="PASS" signature="testMain()[pri:0, instance:testMain(carnetAdresseV3.MainTest)]" name="testMain" duration-ms="2470" started-at="2017-03-30T15:17:42Z" finished-at="2017-03-30T15:17:44Z">
          <reporter-output>
          </reporter-output>
        </test-method> <!-- testMain -->
      </class> <!-- carnetAdresseV3.MainTest -->
    </test> <!-- carnetAdresseV3.MainTest -->
  </suite> <!-- CarnetAdresseV3 -->
</testng-results>
